Using pre-set license
Built from '2021.1/staging' branch; Version is '2021.1.18f1 (25bdc3efbc2d) revision 2473411'; Using compiler version '192528614'; Build Type 'Release'
OS: 'Windows 10 Pro; OS build 19044.1586; Version 2009; 64bit' Language: 'en' Physical Memory: 8156 MB
BatchMode: 1, IsHumanControllingUs: 0, StartBugReporterOnCrash: 0, Is64bit: 1, IsPro: 0

COMMAND LINE ARGUMENTS:
F:\Unity 2021.1.18f1\Editor\Unity.exe
-adb2
-batchMode
-noUpm
-name
AssetImportWorker1
-projectPath
F:/GitHub/Robber-Rivalry/Robber Rivalry
-logFile
Logs/AssetImportWorker1.log
-srvPort
49249
Successfully changed project path to: F:/GitHub/Robber-Rivalry/Robber Rivalry
F:/GitHub/Robber-Rivalry/Robber Rivalry
Using Asset Import Pipeline V2.
Refreshing native plugins compatible for Editor in 437.41 ms, found 5 plugins.
Preloading 0 native plugins for Editor in 0.00 ms.
Initialize engine version: 2021.1.18f1 (25bdc3efbc2d)
[Subsystems] Discovering subsystems at path F:/Unity 2021.1.18f1/Editor/Data/Resources/UnitySubsystems
[Subsystems] Discovering subsystems at path F:/GitHub/Robber-Rivalry/Robber Rivalry/Assets
GfxDevice: creating device client; threaded=0; jobified=0
Direct3D:
    Version:  Direct3D 11.0 [level 11.1]
    Renderer: NVIDIA GeForce GTX 1060 6GB (ID=0x1c03)
    Vendor:   NVIDIA
    VRAM:     6052 MB
    Driver:   27.21.14.6079
Initialize mono
Mono path[0] = 'F:/Unity 2021.1.18f1/Editor/Data/Managed'
Mono path[1] = 'F:/Unity 2021.1.18f1/Editor/Data/MonoBleedingEdge/lib/mono/unityjit'
Mono config path = 'F:/Unity 2021.1.18f1/Editor/Data/MonoBleedingEdge/etc'
Using monoOptions --debugger-agent=transport=dt_socket,embedding=1,server=y,suspend=n,address=127.0.0.1:56112
Begin MonoManager ReloadAssembly
Registering precompiled unity dll's ...
Register platform support module: F:/Unity 2021.1.18f1/Editor/Data/PlaybackEngines/WindowsStandaloneSupport/UnityEditor.WindowsStandalone.Extensions.dll
Registered in 0.004597 seconds.
Native extension for WindowsStandalone target not found
Refreshing native plugins compatible for Editor in 459.34 ms, found 5 plugins.
Preloading 0 native plugins for Editor in 0.00 ms.
Mono: successfully reloaded assembly
- Completed reload, in  4.227 seconds
Domain Reload Profiling:
	ReloadAssembly (4227ms)
		BeginReloadAssembly (210ms)
			ExecutionOrderSort (0ms)
			DisableScriptedObjects (0ms)
			BackupInstance (0ms)
			ReleaseScriptingObjects (0ms)
			CreateAndSetChildDomain (2ms)
		EndReloadAssembly (1775ms)
			LoadAssemblies (208ms)
			RebuildTransferFunctionScriptingTraits (0ms)
			SetupTypeCache (566ms)
			ReleaseScriptCaches (0ms)
			RebuildScriptCaches (100ms)
			SetupLoadedEditorAssemblies (977ms)
				LogAssemblyErrors (0ms)
				InitializePlatformSupportModulesInManaged (22ms)
				SetLoadedEditorAssemblies (0ms)
				RefreshPlugins (460ms)
				BeforeProcessingInitializeOnLoad (34ms)
				ProcessInitializeOnLoadAttributes (365ms)
				ProcessInitializeOnLoadMethodAttributes (95ms)
				AfterProcessingInitializeOnLoad (0ms)
				EditorAssembliesLoaded (1ms)
			ExecutionOrderSort2 (0ms)
			AwakeInstancesAfterBackupRestoration (0ms)
Platform modules already initialized, skipping
Registering precompiled user dll's ...
Registered in 0.041541 seconds.
Begin MonoManager ReloadAssembly
Symbol file LoadedFromMemory doesn't match image F:\GitHub\Robber-Rivalry\Robber Rivalry\Library\PackageCache\com.unity.visualscripting@1.6.1\Editor\VisualScripting.Core\Dependencies\YamlDotNet\Unity.VisualScripting.YamlDotNet.dll
Symbol file LoadedFromMemory doesn't match image F:\GitHub\Robber-Rivalry\Robber Rivalry\Library\PackageCache\com.unity.visualscripting@1.6.1\Editor\VisualScripting.Core\Dependencies\DotNetZip\Unity.VisualScripting.IonicZip.dll
Native extension for WindowsStandalone target not found
Refreshing native plugins compatible for Editor in 469.78 ms, found 5 plugins.
Preloading 0 native plugins for Editor in 0.00 ms.
Mono: successfully reloaded assembly
- Completed reload, in  8.006 seconds
Domain Reload Profiling:
	ReloadAssembly (8007ms)
		BeginReloadAssembly (921ms)
			ExecutionOrderSort (0ms)
			DisableScriptedObjects (13ms)
			BackupInstance (0ms)
			ReleaseScriptingObjects (1ms)
			CreateAndSetChildDomain (89ms)
		EndReloadAssembly (6787ms)
			LoadAssemblies (574ms)
			RebuildTransferFunctionScriptingTraits (0ms)
			SetupTypeCache (1854ms)
			ReleaseScriptCaches (2ms)
			RebuildScriptCaches (373ms)
			SetupLoadedEditorAssemblies (3739ms)
				LogAssemblyErrors (0ms)
				InitializePlatformSupportModulesInManaged (21ms)
				SetLoadedEditorAssemblies (1ms)
				RefreshPlugins (470ms)
				BeforeProcessingInitializeOnLoad (382ms)
				ProcessInitializeOnLoadAttributes (2795ms)
				ProcessInitializeOnLoadMethodAttributes (61ms)
				AfterProcessingInitializeOnLoad (9ms)
				EditorAssembliesLoaded (1ms)
			ExecutionOrderSort2 (0ms)
			AwakeInstancesAfterBackupRestoration (29ms)
Platform modules already initialized, skipping
========================================================================
Worker process is ready to serve import requests
Launched and connected shader compiler UnityShaderCompiler.exe after 0.71 seconds
Refreshing native plugins compatible for Editor in 3.62 ms, found 5 plugins.
Preloading 0 native plugins for Editor in 0.00 ms.
Unloading 5821 Unused Serialized files (Serialized files now loaded: 0)
System memory in use before: 234.9 MB.
System memory in use after: 235.1 MB.

Unloading 35 unused Assets to reduce memory usage. Loaded Objects now: 6268.
Total: 15.093100 ms (FindLiveObjects: 0.828400 ms CreateObjectMapping: 0.580100 ms MarkObjects: 13.218200 ms  DeleteObjects: 0.463900 ms)

AssetImportParameters requested are different than current active one (requested -> active):
  custom:framework-win-MediaFoundation: 216162199b28c13a410421893ffa2e32 -> 
  custom:video-decoder-ogg-theora: a1e56fd34408186e4bbccfd4996cb3dc -> 
  custom:container-muxer-webm: aa71ff27fc2769a1b78a27578f13a17b -> 
  custom:container-demuxer-webm: 4f35f7cbe854078d1ac9338744f61a02 -> 
  custom:container-demuxer-ogg: 62fdf1f143b41e24485cea50d1cbac27 -> 
  custom:video-encoder-webm-vp8: eb34c28f22e8b96e1ab97ce403110664 -> 
  custom:video-decoder-webm-vp8: 9c59270c3fd7afecdb556c50c9e8de78 -> 
  custom:audio-decoder-ogg-vorbis: bf7c407c2cedff20999df2af8eb42d56 -> 
  custom:audio-encoder-webm-vorbis: bf7c407c2cedff20999df2af8eb42d56 -> 
========================================================================
Received Import Request.
  path: Assets/InputSystem.inputsettings.asset
  artifactKey: Guid(b3b343551c7aec64ab0a7e9e57ec1cb2) Importer(815301076,1909f56bfc062723c751e8b465ee728b)
Start importing Assets/InputSystem.inputsettings.asset using Guid(b3b343551c7aec64ab0a7e9e57ec1cb2) Importer(815301076,1909f56bfc062723c751e8b465ee728b)  -> (artifact id: '3e81c52608fea1ae736a118c7e438f74') in 0.385855 seconds 
========================================================================
Received Import Request.
  Time since last request: 44.523168 seconds.
  path: Assets/Harry/Scripts/Guard_Control.cs
  artifactKey: Guid(b10c55e87d606524db5468bbb142b284) Importer(815301076,1909f56bfc062723c751e8b465ee728b)
Start importing Assets/Harry/Scripts/Guard_Control.cs using Guid(b10c55e87d606524db5468bbb142b284) Importer(815301076,1909f56bfc062723c751e8b465ee728b)  -> (artifact id: '50b11e095bef4e66eaad88c846bdb6fd') in 0.033698 seconds 
========================================================================
Received Prepare
Refreshing native plugins compatible for Editor in 34.22 ms, found 5 plugins.
Preloading 0 native plugins for Editor in 0.00 ms.
Unloading 24 Unused Serialized files (Serialized files now loaded: 0)
System memory in use before: 109.4 MB.
System memory in use after: 109.5 MB.

Unloading 24 unused Assets to reduce memory usage. Loaded Objects now: 6268.
Total: 15.974400 ms (FindLiveObjects: 2.221200 ms CreateObjectMapping: 3.667800 ms MarkObjects: 9.226700 ms  DeleteObjects: 0.857100 ms)

AssetImportParameters requested are different than current active one (requested -> active):
  custom:framework-win-MediaFoundation: 216162199b28c13a410421893ffa2e32 -> 
  custom:video-decoder-ogg-theora: a1e56fd34408186e4bbccfd4996cb3dc -> 
  custom:container-muxer-webm: aa71ff27fc2769a1b78a27578f13a17b -> 
  custom:container-demuxer-webm: 4f35f7cbe854078d1ac9338744f61a02 -> 
  custom:container-demuxer-ogg: 62fdf1f143b41e24485cea50d1cbac27 -> 
  custom:video-encoder-webm-vp8: eb34c28f22e8b96e1ab97ce403110664 -> 
  custom:video-decoder-webm-vp8: 9c59270c3fd7afecdb556c50c9e8de78 -> 
  custom:audio-decoder-ogg-vorbis: bf7c407c2cedff20999df2af8eb42d56 -> 
  custom:audio-encoder-webm-vorbis: bf7c407c2cedff20999df2af8eb42d56 -> 
========================================================================
Received Import Request.
  Time since last request: 109.653283 seconds.
  path: Assets/Harry/Scripts/LootGrabber.cs
  artifactKey: Guid(9974058f2804dc048a630eff06e9e96f) Importer(815301076,1909f56bfc062723c751e8b465ee728b)
Start importing Assets/Harry/Scripts/LootGrabber.cs using Guid(9974058f2804dc048a630eff06e9e96f) Importer(815301076,1909f56bfc062723c751e8b465ee728b)  -> (artifact id: 'a8b3eb4d846d0de14c6dccb4d8cf476f') in 0.016780 seconds 
========================================================================
Received Import Request.
  Time since last request: 34.229620 seconds.
  path: Assets/Konrad/Scripts/AiMechanics
  artifactKey: Guid(d11d62d7554620a4fb0fa084632f639c) Importer(815301076,1909f56bfc062723c751e8b465ee728b)
Start importing Assets/Konrad/Scripts/AiMechanics using Guid(d11d62d7554620a4fb0fa084632f639c) Importer(815301076,1909f56bfc062723c751e8b465ee728b)  -> (artifact id: '591bac19092c4a39c1b3ba369bc021fa') in 0.022208 seconds 
========================================================================
Received Import Request.
  Time since last request: 27.328660 seconds.
  path: Assets/Konrad/Scripts/AiMechanics/GuardSmack.cs
  artifactKey: Guid(a1fb1f40a0e67444895378ea99d78679) Importer(815301076,1909f56bfc062723c751e8b465ee728b)
Start importing Assets/Konrad/Scripts/AiMechanics/GuardSmack.cs using Guid(a1fb1f40a0e67444895378ea99d78679) Importer(815301076,1909f56bfc062723c751e8b465ee728b)  -> (artifact id: 'bfc7842009212b6fcff09522583350ef') in 0.025124 seconds 
AssetImportWorkerClient::OnTransportError - code=2 error=End of file
