Base path: 'C:/Program Files/Unity/Hub/Editor/2021.1.18f1/Editor/Data', plugins path 'C:/Program Files/Unity/Hub/Editor/2021.1.18f1/Editor/Data/PlaybackEngines'
Cmd: initializeCompiler

Cmd: disassembleShader
 name=Skybox/6 Sided platform=d3d11 type=15 mask=6 insize=878 outsize=1613 ok=1

Cmd: disassembleShader
 name=Skybox/6 Sided platform=d3d11 type=17 mask=6 insize=594 outsize=1222 ok=1

Cmd: disassembleShader
 name=Skybox/6 Sided platform=d3d11 type=15 mask=6 insize=878 outsize=1613 ok=1

Cmd: disassembleShader
 name=Skybox/6 Sided platform=d3d11 type=17 mask=6 insize=594 outsize=1222 ok=1

Cmd: disassembleShader
 name=Skybox/6 Sided platform=d3d11 type=15 mask=6 insize=878 outsize=1613 ok=1

Cmd: disassembleShader
 name=Skybox/6 Sided platform=d3d11 type=17 mask=6 insize=594 outsize=1222 ok=1

Cmd: disassembleShader
 name=Skybox/6 Sided platform=d3d11 type=15 mask=6 insize=878 outsize=1613 ok=1

Cmd: disassembleShader
 name=Skybox/6 Sided platform=d3d11 type=17 mask=6 insize=594 outsize=1222 ok=1

Cmd: disassembleShader
 name=Skybox/6 Sided platform=d3d11 type=15 mask=6 insize=878 outsize=1613 ok=1

Cmd: disassembleShader
 name=Skybox/6 Sided platform=d3d11 type=17 mask=6 insize=594 outsize=1222 ok=1

Cmd: disassembleShader
 name=Skybox/6 Sided platform=d3d11 type=15 mask=6 insize=878 outsize=1613 ok=1

Cmd: disassembleShader
 name=Skybox/6 Sided platform=d3d11 type=17 mask=6 insize=594 outsize=1222 ok=1

Cmd: shutdown
